<?xml version="1.0" encoding="UTF-8" standalone="no"?>
<testsuite errors="0" failures="3" name="io.cucumber.core.plugin.JUnitFormatter" skipped="0" tests="27" time="402.37">
<testcase classname="User can register and has an account on the website" name="User register with valid data" time="14.824">
<system-out><![CDATA[Given User open registration page...........................................passed
When User enter gender type.................................................passed
And User enter first name "Mohamed" and last name "Moustafa"................passed
And User select date of birth...............................................passed
And User enter email "mohamed.moustafa@test.com"............................passed
And User enter password fields "P@ssword123"................................passed
And User click on register button...........................................passed
Then success registration message appears...................................passed
And User click on continue button to return to home page....................passed
]]></system-out>
</testcase>
<testcase classname="User can log in the website" name="User login with valid credentials" time="11.496">
<system-out><![CDATA[Given User open login page..................................................passed
When User enter email "mohamed.moustafa@test.com" and password "P@ssword123".passed
And User click on login button..............................................passed
Then User login successfully and return to home page........................passed
]]></system-out>
</testcase>
<testcase classname="User can log in the website" name="User login with invalid credentials" time="8.183">
<system-out><![CDATA[Given User open login page..................................................passed
When User enter email "invalid.email@test.com" and password "invalid.password".passed
And User click on login button..............................................passed
Then User login failed and error message appears............................passed
]]></system-out>
</testcase>
<testcase classname="Logged user can switch between currencies US-Euro" name="User change currency from US to Euro" time="9.43">
<system-out><![CDATA[Given User log in with email "mohamed.moustafa@test.com" and password "P@ssword123".passed
When User select euro currency from drop down menu..........................passed
Then All items prices change to euro........................................passed
]]></system-out>
</testcase>
<testcase classname="Logged user can search for any product" name="Logged user search using product name" time="9.207">
<system-out><![CDATA[Given User log in with email "mohamed.moustafa@test.com" and password "P@ssword123".passed
When User enter a product name "book" in search text field..................passed
And User click on search button.............................................passed
Then Search result appears with products related to the product name "book".passed
]]></system-out>
</testcase>
<testcase classname="Logged user can search for any product" name="Logged user search using product name 2" time="8.822">
<system-out><![CDATA[Given User log in with email "mohamed.moustafa@test.com" and password "P@ssword123".passed
When User enter a product name "laptop" in search text field................passed
And User click on search button.............................................passed
Then Search result appears with products related to the product name "laptop".passed
]]></system-out>
</testcase>
<testcase classname="Logged user can search for any product" name="Logged user search using product name 3" time="9.233">
<system-out><![CDATA[Given User log in with email "mohamed.moustafa@test.com" and password "P@ssword123".passed
When User enter a product name "nike" in search text field..................passed
And User click on search button.............................................passed
Then Search result appears with products related to the product name "nike".passed
]]></system-out>
</testcase>
<testcase classname="Logged user can search for any product" name="Logged user search using product sku" time="11.033">
<system-out><![CDATA[Given User log in with email "mohamed.moustafa@test.com" and password "P@ssword123".passed
When User enter a product sku "SCI_FAITH" in search text field..............passed
And User click on search button.............................................passed
Then Search result appears with products related to the product sku "SCI_FAITH".passed
]]></system-out>
</testcase>
<testcase classname="Logged user can search for any product" name="Logged user search using product sku 2" time="10.393">
<system-out><![CDATA[Given User log in with email "mohamed.moustafa@test.com" and password "P@ssword123".passed
When User enter a product sku "APPLE_CAM" in search text field..............passed
And User click on search button.............................................passed
Then Search result appears with products related to the product sku "APPLE_CAM".passed
]]></system-out>
</testcase>
<testcase classname="Logged user can search for any product" name="Logged user search using product sku 3" time="11.408">
<system-out><![CDATA[Given User log in with email "mohamed.moustafa@test.com" and password "P@ssword123".passed
When User enter a product sku "SF_PRO_11" in search text field..............passed
And User click on search button.............................................passed
Then Search result appears with products related to the product sku "SF_PRO_11".passed
]]></system-out>
</testcase>
<testcase classname="User can reset his/her password successfully" name="User reset password with valid email" time="8.433">
<system-out><![CDATA[Given User at login page....................................................passed
When User click on forgot password link.....................................passed
And User enter valid email "mohamed.moustafa@test.com"......................passed
And User click on recover button............................................passed
Then message appears tell user that an email has been sent to him...........passed
]]></system-out>
</testcase>
<testcase classname="User can reset his/her password successfully" name="User reset password with invalid email" time="7.813">
<system-out><![CDATA[Given User at login page....................................................passed
When User click on forgot password link.....................................passed
And User enter valid email "invalid.email@test.com".........................passed
And User click on recover button............................................passed
Then message appears tell user this email is not found......................passed
]]></system-out>
</testcase>
<testcase classname="Logged user can select different Categories in the website" name="User select sub-category" time="11.626">
<system-out><![CDATA[Given User log in with email "mohamed.moustafa@test.com" and password "P@ssword123".passed
When User hover to a category and click on one of its sub-categories........passed
Then User will navigate to a page contains products about that sub-category.passed
]]></system-out>
</testcase>
<testcase classname="Logged user can filter with color" name="Logged user filter products with color" time="17.921">
<system-out><![CDATA[Given User log in with email "mohamed.moustafa@test.com" and password "P@ssword123".passed
And User navigate to category which has filter color options for its products.passed
When User select a specific color from options..............................passed
Then Category products will change to be for that color only................passed
]]></system-out>
</testcase>
<testcase classname="Logged user can add different products to Shopping cart" name="Logged user add different products to Shopping cart" time="43.997">
<system-out><![CDATA[Given User log in with email "mohamed.moustafa@test.com" and password "P@ssword123".passed
When User navigate to Notebooks category page...............................passed
And User click on Add To Cart button for a product..........................passed
And User navigate to Books category page....................................passed
And User click on Add To Cart button for two books from products............passed
And User navigate to Shopping Cart page.....................................passed
Then Shopping cart will contains all selected products......................passed
]]></system-out>
</testcase>
<testcase classname="User can add different products to Wishlist" name="User add htc phone product to Wishlist" time="9.02">
<system-out><![CDATA[Given User at the homepage..................................................passed
When User click on add to wishlist button of htc phone......................passed
Then success message appears which confirm adding of the product............passed
]]></system-out>
</testcase>
<testcase classname="User can add different products to Wishlist" name="User add htc phone product to Wishlist and validate its quantity" time="22.767">
<system-out><![CDATA[Given User at the homepage..................................................passed
When User click on add to wishlist button of htc phone......................passed
And User click on Wishlist link.............................................passed
Then User will navigate to wishlist page which contain htc phone product with its quantity.passed
]]></system-out>
</testcase>
<testcase classname="Logged user can add different products to compare list" name="Logged user add different products to compare list" time="30.577">
<system-out><![CDATA[Given User log in with email "mohamed.moustafa@test.com" and password "P@ssword123".passed
When User navigate to notebooks products page...............................passed
And User add different products to the compare list.........................passed
And User navigate to compare products list page.............................passed
Then compare products list will contain all selected products...............passed
]]></system-out>
</testcase>
<testcase classname="Logged user can purchase product from the website" name="Logged user purchase with cash payment" time="27.343">
<system-out><![CDATA[Given User log in with email "mohamed.moustafa@test.com" and password "P@ssword123".passed
When User select product from a category....................................passed
And User add the product to the shopping cart...............................passed
And User click on checkout button to purchase the product...................passed
And User enter mandatory valid information for payment......................passed
And User click on confirm button to complete the payment....................passed
Then Success completed order message appears................................passed
]]></system-out>
</testcase>
<testcase classname="Logged user can select different tags" name="Logged user select awesome tag" time="12.565">
<system-out><![CDATA[Given User log in with email "mohamed.moustafa@test.com" and password "P@ssword123".passed
When User open notebooks category page......................................passed
And User click on awesome tag from product tags.............................passed
Then User will navigate to a page contains products related to awesome tag..passed
]]></system-out>
</testcase>
<testcase classname="Logged user can select different tags" name="Logged user select cell tag" time="11.004">
<system-out><![CDATA[Given User log in with email "mohamed.moustafa@test.com" and password "P@ssword123".passed
When User open notebooks category page......................................passed
And User click on cell tag from product tags................................passed
Then User will navigate to a page contains products related to cell tag.....passed
]]></system-out>
</testcase>
<testcase classname="User can select between options in home slider" name="First slider is clickable on home page" time="18.726">
<failure message="Expected condition failed: waiting for url to be &quot;https://demo.nopcommerce.com/nokia-lumia-1020&quot;. Current url: &quot;https://demo.nopcommerce.com/&quot; (tried for 10 second(s) with 500 milliseconds interval)&#10;Build info: version: '4.3.0', revision: 'a4995e2c09*'&#10;System info: host: 'DESKTOP-K5S71EA', ip: '192.168.1.2', os.name: 'Windows 10', os.arch: 'amd64', os.version: '10.0', java.version: '1.8.0_333'&#10;Driver info: org.openqa.selenium.chrome.ChromeDriver&#10;Capabilities {acceptInsecureCerts: false, browserName: chrome, browserVersion: 103.0.5060.114, chrome: {chromedriverVersion: 103.0.5060.53 (a1711811edd7..., userDataDir: C:\Users\mouha\AppData\Loca...}, goog:chromeOptions: {debuggerAddress: localhost:59110}, networkConnectionEnabled: false, pageLoadStrategy: normal, platformName: WINDOWS, proxy: Proxy(), se:cdp: ws://localhost:59110/devtoo..., se:cdpVersion: 103.0.5060.114, setWindowRect: true, strictFileInteractability: false, timeouts: {implicit: 0, pageLoad: 300000, script: 30000}, unhandledPromptBehavior: dismiss and notify, webauthn:extension:credBlob: true, webauthn:extension:largeBlob: true, webauthn:virtualAuthenticators: true}&#10;Session ID: 9c1683519945248f4e216b7b1375fcd7" type="org.openqa.selenium.TimeoutException"><![CDATA[Given User at home page.....................................................passed
When User click on first slider nokia image.................................passed
Then User navigate to nokia product details page............................failed

StackTrace:
org.openqa.selenium.TimeoutException: Expected condition failed: waiting for url to be "https://demo.nopcommerce.com/nokia-lumia-1020". Current url: "https://demo.nopcommerce.com/" (tried for 10 second(s) with 500 milliseconds interval)
Build info: version: '4.3.0', revision: 'a4995e2c09*'
System info: host: 'DESKTOP-K5S71EA', ip: '192.168.1.2', os.name: 'Windows 10', os.arch: 'amd64', os.version: '10.0', java.version: '1.8.0_333'
Driver info: org.openqa.selenium.chrome.ChromeDriver
Capabilities {acceptInsecureCerts: false, browserName: chrome, browserVersion: 103.0.5060.114, chrome: {chromedriverVersion: 103.0.5060.53 (a1711811edd7..., userDataDir: C:\Users\mouha\AppData\Loca...}, goog:chromeOptions: {debuggerAddress: localhost:59110}, networkConnectionEnabled: false, pageLoadStrategy: normal, platformName: WINDOWS, proxy: Proxy(), se:cdp: ws://localhost:59110/devtoo..., se:cdpVersion: 103.0.5060.114, setWindowRect: true, strictFileInteractability: false, timeouts: {implicit: 0, pageLoad: 300000, script: 30000}, unhandledPromptBehavior: dismiss and notify, webauthn:extension:credBlob: true, webauthn:extension:largeBlob: true, webauthn:virtualAuthenticators: true}
Session ID: 9c1683519945248f4e216b7b1375fcd7
	at org.openqa.selenium.support.ui.WebDriverWait.timeoutException(WebDriverWait.java:87)
	at org.openqa.selenium.support.ui.FluentWait.until(FluentWait.java:231)
	at org.example.step_definitions.HomeSliders.user_navigate_to_nokia_product_details_page(HomeSliders.java:33)
	at ✽.User navigate to nokia product details page(file:///C:/Users/mouha/IdeaProjects/EcommerceAppAutomationTesting/src/main/resources/features/F13_HomeSliders.feature:8)
]]></failure>
</testcase>
<testcase classname="User can select between options in home slider" name="Second slider is clickable on home page" time="19.03">
<failure message="Expected condition failed: waiting for url to be &quot; https://demo.nopcommerce.com/iphone-6&quot;. Current url: &quot;https://demo.nopcommerce.com/&quot; (tried for 10 second(s) with 500 milliseconds interval)&#10;Build info: version: '4.3.0', revision: 'a4995e2c09*'&#10;System info: host: 'DESKTOP-K5S71EA', ip: '192.168.1.2', os.name: 'Windows 10', os.arch: 'amd64', os.version: '10.0', java.version: '1.8.0_333'&#10;Driver info: org.openqa.selenium.chrome.ChromeDriver&#10;Capabilities {acceptInsecureCerts: false, browserName: chrome, browserVersion: 103.0.5060.114, chrome: {chromedriverVersion: 103.0.5060.53 (a1711811edd7..., userDataDir: C:\Users\mouha\AppData\Loca...}, goog:chromeOptions: {debuggerAddress: localhost:59131}, networkConnectionEnabled: false, pageLoadStrategy: normal, platformName: WINDOWS, proxy: Proxy(), se:cdp: ws://localhost:59131/devtoo..., se:cdpVersion: 103.0.5060.114, setWindowRect: true, strictFileInteractability: false, timeouts: {implicit: 0, pageLoad: 300000, script: 30000}, unhandledPromptBehavior: dismiss and notify, webauthn:extension:credBlob: true, webauthn:extension:largeBlob: true, webauthn:virtualAuthenticators: true}&#10;Session ID: f50a160ac63d8cdded1241e2a1079e00" type="org.openqa.selenium.TimeoutException"><![CDATA[Given User at home page.....................................................passed
When User click on second slider iphone image...............................passed
Then User navigate to iphone product details page...........................failed

StackTrace:
org.openqa.selenium.TimeoutException: Expected condition failed: waiting for url to be " https://demo.nopcommerce.com/iphone-6". Current url: "https://demo.nopcommerce.com/" (tried for 10 second(s) with 500 milliseconds interval)
Build info: version: '4.3.0', revision: 'a4995e2c09*'
System info: host: 'DESKTOP-K5S71EA', ip: '192.168.1.2', os.name: 'Windows 10', os.arch: 'amd64', os.version: '10.0', java.version: '1.8.0_333'
Driver info: org.openqa.selenium.chrome.ChromeDriver
Capabilities {acceptInsecureCerts: false, browserName: chrome, browserVersion: 103.0.5060.114, chrome: {chromedriverVersion: 103.0.5060.53 (a1711811edd7..., userDataDir: C:\Users\mouha\AppData\Loca...}, goog:chromeOptions: {debuggerAddress: localhost:59131}, networkConnectionEnabled: false, pageLoadStrategy: normal, platformName: WINDOWS, proxy: Proxy(), se:cdp: ws://localhost:59131/devtoo..., se:cdpVersion: 103.0.5060.114, setWindowRect: true, strictFileInteractability: false, timeouts: {implicit: 0, pageLoad: 300000, script: 30000}, unhandledPromptBehavior: dismiss and notify, webauthn:extension:credBlob: true, webauthn:extension:largeBlob: true, webauthn:virtualAuthenticators: true}
Session ID: f50a160ac63d8cdded1241e2a1079e00
	at org.openqa.selenium.support.ui.WebDriverWait.timeoutException(WebDriverWait.java:87)
	at org.openqa.selenium.support.ui.FluentWait.until(FluentWait.java:231)
	at org.example.step_definitions.HomeSliders.user_navigate_to_iphone_product_details_page(HomeSliders.java:48)
	at ✽.User navigate to iphone product details page(file:///C:/Users/mouha/IdeaProjects/EcommerceAppAutomationTesting/src/main/resources/features/F13_HomeSliders.feature:13)
]]></failure>
</testcase>
<testcase classname="User can open followUs links" name="User opens facebook link" time="11.421">
<system-out><![CDATA[Given User at the home page.................................................passed
When User click on facebook icon............................................passed
Then "https://www.facebook.com/nopCommerce" is opened in new tab............passed
]]></system-out>
</testcase>
<testcase classname="User can open followUs links" name="User opens twitter link" time="14.567">
<system-out><![CDATA[Given User at the home page.................................................passed
When User click on twitter icon.............................................passed
Then "https://twitter.com/nopCommerce" is opened in new tab.................passed
]]></system-out>
</testcase>
<testcase classname="User can open followUs links" name="User opens rss link" time="15.893">
<failure message="expected [https://demo.nopcommerce.com/new-online-store-is-open] but found [https://demo.nopcommerce.com/news/rss/1]" type="java.lang.AssertionError"><![CDATA[Given User at the home page.................................................passed
When User click on rss icon.................................................passed
Then "https://demo.nopcommerce.com/new-online-store-is-open" is opened in new tab.failed

StackTrace:
java.lang.AssertionError: expected [https://demo.nopcommerce.com/new-online-store-is-open] but found [https://demo.nopcommerce.com/news/rss/1]
	at org.testng.Assert.fail(Assert.java:110)
	at org.testng.Assert.failNotEquals(Assert.java:1413)
	at org.testng.Assert.assertEqualsImpl(Assert.java:149)
	at org.testng.Assert.assertEquals(Assert.java:131)
	at org.testng.Assert.assertEquals(Assert.java:655)
	at org.testng.Assert.assertEquals(Assert.java:665)
	at org.example.step_definitions.FollowUs.is_opened_in_new_tab(FollowUs.java:56)
	at ✽."https://demo.nopcommerce.com/new-online-store-is-open" is opened in new tab(file:///C:/Users/mouha/IdeaProjects/EcommerceAppAutomationTesting/src/main/resources/features/F14_FollowUs.feature:18)
]]></failure>
</testcase>
<testcase classname="User can open followUs links" name="User opens youtube link" time="14.384">
<system-out><![CDATA[Given User at the home page.................................................passed
When User click on youtube icon.............................................passed
Then "https://www.youtube.com/user/nopCommerce" is opened in new tab........passed
]]></system-out>
</testcase>
</testsuite>
